<?xml version="1.0" encoding="UTF-8"?>
<testng-results ignored="0" total="1" passed="1" failed="0" skipped="0">
  <reporter-output>
  </reporter-output>
  <suite started-at="2025-11-20T16:34:46 IST" name="API Test Suite" finished-at="2025-11-20T16:34:48 IST" duration-ms="1748">
    <groups>
    </groups>
    <test started-at="2025-11-20T16:34:46 IST" name="API Tests" finished-at="2025-11-20T16:34:48 IST" duration-ms="1748">
      <class name="tests.ExampleTest">
        <test-method is-config="true" signature="setup()[pri:0, instance:tests.ExampleTest@21507a04]" started-at="2025-11-20T16:34:46 IST" name="setup" finished-at="2025-11-20T16:34:47 IST" duration-ms="436" status="PASS">
          <reporter-output>
          </reporter-output>
        </test-method> <!-- setup -->
        <test-method signature="getPostsShouldReturnList()[pri:0, instance:tests.ExampleTest@21507a04]" started-at="2025-11-20T16:34:47 IST" name="getPostsShouldReturnList" description="GET /posts returns 200 and list" finished-at="2025-11-20T16:34:48 IST" duration-ms="1291" status="PASS">
          <reporter-output>
          </reporter-output>
        </test-method> <!-- getPostsShouldReturnList -->
      </class> <!-- tests.ExampleTest -->
    </test> <!-- API Tests -->
  </suite> <!-- API Test Suite -->
</testng-results>
